<?xml version="1.0" encoding="UTF-8"?>
<!-- Generated by org.testng.reporters.JUnitReportReporter -->
<testsuite hostname="Nadeesh-PC" name="samoor.App" tests="1" failures="0" timestamp="13 Oct 2018 18:21:42 GMT" time="0.054" errors="0">
  <testcase name="Test" time="0.054" classname="samoor.App"/>
</testsuite> <!-- samoor.App -->
