<?xml version="1.0" encoding="UTF-8"?>
<testsuite xmlns:xsi="http://www.w3.org/2001/XMLSchema-instance" xsi:noNamespaceSchemaLocation="https://maven.apache.org/surefire/maven-surefire-plugin/xsd/surefire-test-report.xsd" name="org.village.Samoor2.AppTest" time="0.524" tests="2" errors="0" skipped="0" failures="0">
  <properties>
    <property name="sun.desktop" value="windows"/>
    <property name="awt.toolkit" value="sun.awt.windows.WToolkit"/>
    <property name="file.encoding.pkg" value="sun.io"/>
    <property name="java.specification.version" value="1.8"/>
    <property name="sun.cpu.isalist" value="pentium_pro+mmx pentium_pro pentium+mmx pentium i486 i386 i86"/>
    <property name="sun.jnu.encoding" value="Cp1252"/>
    <property name="java.class.path" value="C:\Users\Nadeesh\.m2\repository\org\apache\maven\surefire\surefire-booter\2.22.1\surefire-booter-2.22.1.jar;C:\Users\Nadeesh\.m2\repository\org\apache\maven\surefire\surefire-api\2.22.1\surefire-api-2.22.1.jar;C:\Users\Nadeesh\.m2\repository\org\apache\maven\surefire\surefire-logger-api\2.22.1\surefire-logger-api-2.22.1.jar;C:\workspace\samoor2\target\test-classes;C:\workspace\samoor2\target\classes;C:\Users\Nadeesh\.m2\repository\junit\junit\4.11\junit-4.11.jar;C:\Users\Nadeesh\.m2\repository\org\hamcrest\hamcrest-core\1.3\hamcrest-core-1.3.jar;C:\Users\Nadeesh\.m2\repository\org\testng\testng\6.8\testng-6.8.jar;C:\Users\Nadeesh\.m2\repository\org\beanshell\bsh\2.0b4\bsh-2.0b4.jar;C:\Users\Nadeesh\.m2\repository\com\beust\jcommander\1.27\jcommander-1.27.jar;C:\Users\Nadeesh\.m2\repository\org\yaml\snakeyaml\1.6\snakeyaml-1.6.jar;C:\Users\Nadeesh\.m2\repository\org\apache\maven\surefire\surefire-testng\2.22.1\surefire-testng-2.22.1.jar;C:\Users\Nadeesh\.m2\repository\org\apache\maven\surefire\common-java5\2.22.1\common-java5-2.22.1.jar;C:\Users\Nadeesh\.m2\repository\org\apache\maven\surefire\surefire-testng-utils\2.22.1\surefire-testng-utils-2.22.1.jar;C:\Users\Nadeesh\.m2\repository\org\apache\maven\surefire\surefire-grouper\2.22.1\surefire-grouper-2.22.1.jar"/>
    <property name="java.vm.vendor" value="Oracle Corporation"/>
    <property name="sun.arch.data.model" value="32"/>
    <property name="user.variant" value=""/>
    <property name="java.vendor.url" value="http://java.oracle.com/"/>
    <property name="user.timezone" value="Asia/Calcutta"/>
    <property name="java.vm.specification.version" value="1.8"/>
    <property name="os.name" value="Windows 7"/>
    <property name="user.country" value="US"/>
    <property name="sun.java.launcher" value="SUN_STANDARD"/>
    <property name="sun.boot.library.path" value="D:\Program Files\Java\jdk1.8.0\jre\bin"/>
    <property name="sun.java.command" value="org.apache.maven.surefire.booter.ForkedBooter C:\Users\Nadeesh\AppData\Local\Temp\surefire6827068614704025507 2018-10-19T18-39-55_656-jvmRun1 surefire2352937869314204213tmp surefire_05945745376052975814tmp"/>
    <property name="surefire.test.class.path" value="C:\workspace\samoor2\target\test-classes;C:\workspace\samoor2\target\classes;C:\Users\Nadeesh\.m2\repository\junit\junit\4.11\junit-4.11.jar;C:\Users\Nadeesh\.m2\repository\org\hamcrest\hamcrest-core\1.3\hamcrest-core-1.3.jar;C:\Users\Nadeesh\.m2\repository\org\testng\testng\6.8\testng-6.8.jar;C:\Users\Nadeesh\.m2\repository\org\beanshell\bsh\2.0b4\bsh-2.0b4.jar;C:\Users\Nadeesh\.m2\repository\com\beust\jcommander\1.27\jcommander-1.27.jar;C:\Users\Nadeesh\.m2\repository\org\yaml\snakeyaml\1.6\snakeyaml-1.6.jar;"/>
    <property name="sun.cpu.endian" value="little"/>
    <property name="user.home" value="C:\Users\Nadeesh"/>
    <property name="user.language" value="en"/>
    <property name="java.specification.vendor" value="Oracle Corporation"/>
    <property name="java.home" value="D:\Program Files\Java\jdk1.8.0\jre"/>
    <property name="basedir" value="C:\workspace\samoor2"/>
    <property name="file.separator" value="\"/>
    <property name="line.separator" value="&#10;"/>
    <property name="java.vm.specification.vendor" value="Oracle Corporation"/>
    <property name="java.specification.name" value="Java Platform API Specification"/>
    <property name="java.awt.graphicsenv" value="sun.awt.Win32GraphicsEnvironment"/>
    <property name="sun.boot.class.path" value="D:\Program Files\Java\jdk1.8.0\jre\lib\resources.jar;D:\Program Files\Java\jdk1.8.0\jre\lib\rt.jar;D:\Program Files\Java\jdk1.8.0\jre\lib\sunrsasign.jar;D:\Program Files\Java\jdk1.8.0\jre\lib\jsse.jar;D:\Program Files\Java\jdk1.8.0\jre\lib\jce.jar;D:\Program Files\Java\jdk1.8.0\jre\lib\charsets.jar;D:\Program Files\Java\jdk1.8.0\jre\lib\jfr.jar;D:\Program Files\Java\jdk1.8.0\jre\classes"/>
    <property name="user.script" value=""/>
    <property name="sun.management.compiler" value="HotSpot Client Compiler"/>
    <property name="java.runtime.version" value="1.8.0-b132"/>
    <property name="user.name" value="Nadeesh"/>
    <property name="path.separator" value=";"/>
    <property name="os.version" value="6.1"/>
    <property name="java.endorsed.dirs" value="D:\Program Files\Java\jdk1.8.0\jre\lib\endorsed"/>
    <property name="java.runtime.name" value="Java(TM) SE Runtime Environment"/>
    <property name="file.encoding" value="Cp1252"/>
    <property name="java.vm.name" value="Java HotSpot(TM) Client VM"/>
    <property name="localRepository" value="C:\Users\Nadeesh\.m2\repository"/>
    <property name="java.vendor.url.bug" value="http://bugreport.sun.com/bugreport/"/>
    <property name="java.io.tmpdir" value="C:\Users\Nadeesh\AppData\Local\Temp\"/>
    <property name="java.version" value="1.8.0"/>
    <property name="user.dir" value="C:\workspace\samoor2"/>
    <property name="os.arch" value="x86"/>
    <property name="java.vm.specification.name" value="Java Virtual Machine Specification"/>
    <property name="java.awt.printerjob" value="sun.awt.windows.WPrinterJob"/>
    <property name="sun.os.patch.level" value="Service Pack 1"/>
    <property name="java.library.path" value="D:\Program Files\Java\jdk1.8.0\jre\bin;C:\Windows\Sun\Java\bin;C:\Windows\system32;C:\Windows;C:\ProgramData\Oracle\Java\javapath;C:\Windows\system32;C:\PROGRA~2\Groovy\GROOVY~1.9\bin;C:\Program Files (x86)\eclipse\eclipse.exe;C:\Program Files (x86)\Java\jdk1.8.0_111\bin;C:\Program Files (x86)\Java\jdk1.8.0_111\bin;C:\Program Files (x86)\Java\jdk1.8.0_111\bin;C:\Program Files (x86)\PuTTY\;C:\Program Files (x86)\Git\cmd;C:\Program Files (x86)\Git\mingw32\bin;C:\Program Files (x86)\Git\usr\bin;C:\Users\Nadeesh;M2_home\bin;Maven_Home\bin;D:\Maven\apache-maven-3.5.4\bin;C:\Program Files (x86)\Amazon\AWSCLI\bin\;C:\Program Files (x86)\Java\jdk1.8.0_111\bin;."/>
    <property name="java.vm.info" value="mixed mode"/>
    <property name="java.vendor" value="Oracle Corporation"/>
    <property name="java.vm.version" value="25.0-b70"/>
    <property name="java.ext.dirs" value="D:\Program Files\Java\jdk1.8.0\jre\lib\ext;C:\Windows\Sun\Java\lib\ext"/>
    <property name="sun.io.unicode.encoding" value="UnicodeLittle"/>
    <property name="java.class.version" value="52.0"/>
  </properties>
  <testcase name="Test" classname="org.village.Samoor2.AppTest" time="0.018"/>
  <testcase name="Test1" classname="org.village.Samoor2.AppTest" time="0.002"/>
</testsuite>