<?xml version="1.0" encoding="UTF-8"?>
<!-- Generated by org.testng.reporters.JUnitReportReporter -->
<testsuite hostname="Nadeesh-PC" name="org.village.Samoor2.AppTest" tests="2" failures="0" timestamp="19 Oct 2018 13:09:57 GMT" time="0.015" errors="0">
  <testcase name="Test" time="0.015" classname="org.village.Samoor2.AppTest"/>
  <testcase name="Test1" time="0.000" classname="org.village.Samoor2.AppTest"/>
</testsuite> <!-- org.village.Samoor2.AppTest -->
